<?xml version="1.0" encoding="UTF-8"?>
<!-- Generated by org.testng.reporters.JUnitReportReporter -->
<testsuite hostname="DESKTOP-1JCII1C" failures="0" tests="3" name="com.alif1.AppiumT1.ApiDemosTest" time="6.853" errors="0" timestamp="2023-12-12T01:13:30 BDT" skipped="2">
  <testcase classname="com.alif1.AppiumT1.ApiDemosTest" name="SmsSentTesting" time="6.853"/>
  <system-out/>
  <testcase classname="com.alif1.AppiumT1.ApiDemosTest" name="GalleryTest">
    <skipped/>
  </testcase> <!-- GalleryTest -->
  <system-out/>
  <testcase classname="com.alif1.AppiumT1.ApiDemosTest" name="animationTest">
    <skipped/>
  </testcase> <!-- animationTest -->
  <system-out/>
</testsuite> <!-- com.alif1.AppiumT1.ApiDemosTest -->
