<?xml version="1.0" encoding="UTF-8"?>
<!-- Generated by org.testng.reporters.JUnitReportReporter -->
<testsuite hostname="DESKTOP-1JCII1C" failures="0" tests="1" name="com.alif1.AppiumT1.ChromeTest" time="4.130" errors="0" timestamp="2023-12-12T04:00:56 BDT" skipped="0">
  <testcase classname="com.alif1.AppiumT1.ChromeTest" name="test1" time="4.130"/>
  <system-out/>
</testsuite> <!-- com.alif1.AppiumT1.ChromeTest -->
