<?xml version="1.0" encoding="UTF-8"?>
<!-- Generated by org.testng.reporters.JUnitReportReporter -->
<testsuite hostname="DESKTOP-1JCII1C" failures="0" tests="1" name="com.alif1.AppiumT1.setup" time="8.171" errors="0" timestamp="2023-11-22T07:22:06 BDT" skipped="0">
  <testcase classname="com.alif1.AppiumT1.setup" name="configureAppium" time="8.171"/>
  <system-out/>
</testsuite> <!-- com.alif1.AppiumT1.setup -->
