<?xml version="1.0" encoding="UTF-8"?>
<!-- Generated by org.testng.reporters.JUnitReportReporter -->
<testsuite hostname="DESKTOP-1JCII1C" failures="0" tests="1" name="com.alif1.AppiumT1.hybrid_store" time="39.549" errors="0" timestamp="2023-12-11T04:52:58 BDT" skipped="0">
  <testcase classname="com.alif1.AppiumT1.hybrid_store" name="TestHybrid" time="39.549"/>
  <system-out/>
</testsuite> <!-- com.alif1.AppiumT1.hybrid_store -->
