<?xml version="1.0" encoding="UTF-8"?>
<!-- Generated by org.testng.reporters.JUnitReportReporter -->
<testsuite hostname="DESKTOP-1JCII1C" failures="0" tests="5" name="com.alif1.AppiumT1.ApiDemosTest" time="2.029" errors="0" timestamp="2023-12-12T16:00:39 BDT" skipped="4">
  <testcase classname="com.alif1.AppiumT1.ApiDemosTest" name="ExtractTextTest" time="2.029"/>
  <system-out/>
  <testcase classname="com.alif1.AppiumT1.ApiDemosTest" name="animationTest">
    <skipped/>
  </testcase> <!-- animationTest -->
  <system-out/>
  <testcase classname="com.alif1.AppiumT1.ApiDemosTest" name="GalleryTest">
    <skipped/>
  </testcase> <!-- GalleryTest -->
  <system-out/>
  <testcase classname="com.alif1.AppiumT1.ApiDemosTest" name="NotificationTest">
    <skipped/>
  </testcase> <!-- NotificationTest -->
  <system-out/>
  <testcase classname="com.alif1.AppiumT1.ApiDemosTest" name="SmsSentTesting">
    <skipped/>
  </testcase> <!-- SmsSentTesting -->
  <system-out/>
</testsuite> <!-- com.alif1.AppiumT1.ApiDemosTest -->
