<?xml version="1.0" encoding="UTF-8"?>
<!-- Generated by org.testng.reporters.JUnitReportReporter -->
<testsuite hostname="DESKTOP-1JCII1C" failures="0" tests="7" name="com.alif1.AppiumT1.General_store" time="23.013" errors="0" timestamp="2023-12-13T14:31:29 BDT" skipped="6">
  <testcase classname="com.alif1.AppiumT1.General_store" name="PriceCheckTest" time="23.013"/>
  <system-out/>
  <testcase classname="com.alif1.AppiumT1.General_store" name="UndoAddtoCartTest">
    <skipped/>
  </testcase> <!-- UndoAddtoCartTest -->
  <system-out/>
  <testcase classname="com.alif1.AppiumT1.General_store" name="GetBackAddMoreTest">
    <skipped/>
  </testcase> <!-- GetBackAddMoreTest -->
  <system-out/>
  <testcase classname="com.alif1.AppiumT1.General_store" name="dropDownTest">
    <skipped/>
  </testcase> <!-- dropDownTest -->
  <system-out/>
  <testcase classname="com.alif1.AppiumT1.General_store" name="toastmsgTest">
    <skipped/>
  </testcase> <!-- toastmsgTest -->
  <system-out/>
  <testcase classname="com.alif1.AppiumT1.General_store" name="addcartToastmsgTest">
    <skipped/>
  </testcase> <!-- addcartToastmsgTest -->
  <system-out/>
  <testcase classname="com.alif1.AppiumT1.General_store" name="selectmultiitemTest">
    <skipped/>
  </testcase> <!-- selectmultiitemTest -->
  <system-out/>
</testsuite> <!-- com.alif1.AppiumT1.General_store -->
