<?xml version="1.0" encoding="UTF-8"?>
<!-- Generated by org.testng.reporters.JUnitReportReporter -->
<testsuite hostname="DESKTOP-1JCII1C" failures="0" tests="8" name="com.alif1.AppiumT1.General_store" time="25.583" errors="0" timestamp="2023-12-13T15:02:03 BDT" skipped="7">
  <testcase classname="com.alif1.AppiumT1.General_store" name="TotalPriceCheck" time="25.583"/>
  <system-out/>
  <testcase classname="com.alif1.AppiumT1.General_store" name="PriceCheckTest">
    <skipped/>
  </testcase> <!-- PriceCheckTest -->
  <system-out/>
  <testcase classname="com.alif1.AppiumT1.General_store" name="GetBackAddMoreTest">
    <skipped/>
  </testcase> <!-- GetBackAddMoreTest -->
  <system-out/>
  <testcase classname="com.alif1.AppiumT1.General_store" name="dropDownTest">
    <skipped/>
  </testcase> <!-- dropDownTest -->
  <system-out/>
  <testcase classname="com.alif1.AppiumT1.General_store" name="addcartToastmsgTest">
    <skipped/>
  </testcase> <!-- addcartToastmsgTest -->
  <system-out/>
  <testcase classname="com.alif1.AppiumT1.General_store" name="selectmultiitemTest">
    <skipped/>
  </testcase> <!-- selectmultiitemTest -->
  <system-out/>
  <testcase classname="com.alif1.AppiumT1.General_store" name="toastmsgTest">
    <skipped/>
  </testcase> <!-- toastmsgTest -->
  <system-out/>
  <testcase classname="com.alif1.AppiumT1.General_store" name="UndoAddtoCartTest">
    <skipped/>
  </testcase> <!-- UndoAddtoCartTest -->
  <system-out/>
</testsuite> <!-- com.alif1.AppiumT1.General_store -->
