<?xml version="1.0" encoding="UTF-8"?>
<!-- Generated by org.testng.reporters.JUnitReportReporter -->
<testsuite hostname="DESKTOP-1JCII1C" failures="0" tests="1" name="com.alif1.AppiumT1.ApiDemosTest" time="3.531" errors="0" timestamp="2023-12-11T23:44:40 BDT" skipped="0">
  <testcase classname="com.alif1.AppiumT1.ApiDemosTest" name="GalleryTest" time="3.531"/>
  <system-out/>
</testsuite> <!-- com.alif1.AppiumT1.ApiDemosTest -->
