<?xml version="1.0" encoding="UTF-8"?>
<!-- Generated by org.testng.reporters.JUnitReportReporter -->
<testsuite hostname="DESKTOP-1JCII1C" failures="0" tests="2" name="com.alif1.AppiumT1.General_store" time="11.507" errors="0" timestamp="2023-12-09T22:28:51 BDT" skipped="1">
  <testcase classname="com.alif1.AppiumT1.General_store" name="toastmsgTest" time="11.507"/>
  <system-out/>
  <testcase classname="com.alif1.AppiumT1.General_store" name="dropDownTest">
    <skipped/>
  </testcase> <!-- dropDownTest -->
  <system-out/>
</testsuite> <!-- com.alif1.AppiumT1.General_store -->
