<?xml version="1.0" encoding="UTF-8"?>
<!-- Generated by org.testng.reporters.JUnitReportReporter -->
<testsuite hostname="DESKTOP-1JCII1C" failures="0" tests="5" name="com.alif1.AppiumT1.General_store" time="27.951" errors="0" timestamp="2023-12-12T16:20:41 BDT" skipped="4">
  <testcase classname="com.alif1.AppiumT1.General_store" name="GetBackAddMoreTest" time="27.951"/>
  <system-out/>
  <testcase classname="com.alif1.AppiumT1.General_store" name="toastmsgTest">
    <skipped/>
  </testcase> <!-- toastmsgTest -->
  <system-out/>
  <testcase classname="com.alif1.AppiumT1.General_store" name="addcartToastmsgTest">
    <skipped/>
  </testcase> <!-- addcartToastmsgTest -->
  <system-out/>
  <testcase classname="com.alif1.AppiumT1.General_store" name="selectmultiitemTest">
    <skipped/>
  </testcase> <!-- selectmultiitemTest -->
  <system-out/>
  <testcase classname="com.alif1.AppiumT1.General_store" name="dropDownTest">
    <skipped/>
  </testcase> <!-- dropDownTest -->
  <system-out/>
</testsuite> <!-- com.alif1.AppiumT1.General_store -->
