<?xml version="1.0" encoding="UTF-8"?>
<!-- Generated by org.testng.reporters.JUnitReportReporter -->
<testsuite hostname="DESKTOP-1JCII1C" failures="0" tests="4" name="com.alif1.AppiumT1.General_store" time="13.309" errors="0" timestamp="2023-12-11T22:20:43 BDT" skipped="3">
  <testcase classname="com.alif1.AppiumT1.General_store" name="addcartToastmsgTest" time="13.309"/>
  <system-out/>
  <testcase classname="com.alif1.AppiumT1.General_store" name="dropDownTest">
    <skipped/>
  </testcase> <!-- dropDownTest -->
  <system-out/>
  <testcase classname="com.alif1.AppiumT1.General_store" name="selectmultiitemTest">
    <skipped/>
  </testcase> <!-- selectmultiitemTest -->
  <system-out/>
  <testcase classname="com.alif1.AppiumT1.General_store" name="toastmsgTest">
    <skipped/>
  </testcase> <!-- toastmsgTest -->
  <system-out/>
</testsuite> <!-- com.alif1.AppiumT1.General_store -->
